<?xml version="1.0" encoding="UTF-8"?>
<coverage generated="1625852934234" clover="3.2.0">
  <project timestamp="1625852934234" name="All files">
    <metrics statements="46" coveredstatements="46" conditionals="39" coveredconditionals="35" methods="11" coveredmethods="11" elements="96" coveredelements="92" complexity="0" loc="46" ncloc="46" packages="1" files="2" classes="2"/>
    <file name="item.js" path="/Users/gunelmehdiyeva-chau/Projects/week_10/js-jest/src/item.js">
      <metrics statements="4" coveredstatements="4" conditionals="0" coveredconditionals="0" methods="1" coveredmethods="1"/>
      <line num="1" count="2" type="stmt"/>
      <line num="3" count="12" type="stmt"/>
      <line num="4" count="12" type="stmt"/>
      <line num="5" count="12" type="stmt"/>
    </file>
    <file name="shop.js" path="/Users/gunelmehdiyeva-chau/Projects/week_10/js-jest/src/shop.js">
      <metrics statements="42" coveredstatements="42" conditionals="39" coveredconditionals="35" methods="10" coveredmethods="10"/>
      <line num="5" count="2" type="stmt"/>
      <line num="6" count="2" type="stmt"/>
      <line num="8" count="2" type="stmt"/>
      <line num="10" count="21" type="stmt"/>
      <line num="11" count="21" type="stmt"/>
      <line num="12" count="21" type="stmt"/>
      <line num="16" count="52" type="stmt"/>
      <line num="17" count="300" type="cond" truecount="4" falsecount="0"/>
      <line num="18" count="236" type="stmt"/>
      <line num="19" count="236" type="stmt"/>
      <line num="21" count="236" type="cond" truecount="1" falsecount="1"/>
      <line num="22" count="236" type="stmt"/>
      <line num="26" count="236" type="cond" truecount="2" falsecount="0"/>
      <line num="27" count="104" type="stmt"/>
      <line num="28" count="132" type="cond" truecount="3" falsecount="1"/>
      <line num="29" count="132" type="stmt"/>
      <line num="34" count="52" type="stmt"/>
      <line num="38" count="132" type="cond" truecount="2" falsecount="0"/>
      <line num="39" count="35" type="stmt"/>
      <line num="40" count="97" type="cond" truecount="1" falsecount="1"/>
      <line num="41" count="97" type="stmt"/>
      <line num="46" count="104" type="cond" truecount="2" falsecount="0"/>
      <line num="47" count="35" type="cond" truecount="2" falsecount="0"/>
      <line num="48" count="7" type="stmt"/>
      <line num="50" count="28" type="stmt"/>
      <line num="55" count="35" type="cond" truecount="2" falsecount="0"/>
      <line num="56" count="29" type="cond" truecount="2" falsecount="0"/>
      <line num="57" count="25" type="stmt"/>
      <line num="59" count="4" type="stmt"/>
      <line num="64" count="97" type="cond" truecount="2" falsecount="0"/>
      <line num="65" count="34" type="cond" truecount="2" falsecount="0"/>
      <line num="66" count="17" type="cond" truecount="2" falsecount="0"/>
      <line num="67" count="6" type="stmt"/>
      <line num="68" count="97" type="cond" truecount="2" falsecount="0"/>
      <line num="72" count="35" type="stmt"/>
      <line num="76" count="7" type="cond" truecount="2" falsecount="0"/>
      <line num="77" count="4" type="stmt"/>
      <line num="79" count="3" type="stmt"/>
      <line num="81" count="7" type="cond" truecount="2" falsecount="0"/>
      <line num="85" count="28" type="cond" truecount="2" falsecount="0"/>
      <line num="86" count="20" type="stmt"/>
      <line num="88" count="8" type="stmt"/>
    </file>
  </project>
</coverage>
