{"/Users/gunelmehdiyeva-chau/Projects/week_10/js-jest/src/item.js": {"path":"/Users/gunelmehdiyeva-chau/Projects/week_10/js-jest/src/item.js","statementMap":{"0":{"start":{"line":1,"column":0},"end":{"line":7,"column":2}},"1":{"start":{"line":3,"column":4},"end":{"line":3,"column":21}},"2":{"start":{"line":4,"column":4},"end":{"line":4,"column":25}},"3":{"start":{"line":5,"column":4},"end":{"line":5,"column":27}}},"fnMap":{"0":{"name":"(anonymous_0)","decl":{"start":{"line":2,"column":2},"end":{"line":2,"column":3}},"loc":{"start":{"line":2,"column":37},"end":{"line":6,"column":3}},"line":2}},"branchMap":{},"s":{"0":2,"1":12,"2":12,"3":12},"f":{"0":12},"b":{},"_coverageSchema":"43e27e138ebf9cfc5966b082cf9a028302ed4184","hash":"47cc27b7b09978e8789c9865243b59df74ecfce9"}
,"/Users/gunelmehdiyeva-chau/Projects/week_10/js-jest/src/shop.js": {"path":"/Users/gunelmehdiyeva-chau/Projects/week_10/js-jest/src/shop.js","statementMap":{"0":{"start":{"line":5,"column":30},"end":{"line":5,"column":118}},"1":{"start":{"line":6,"column":19},"end":{"line":6,"column":49}},"2":{"start":{"line":8,"column":0},"end":{"line":91,"column":2}},"3":{"start":{"line":10,"column":4},"end":{"line":10,"column":23}},"4":{"start":{"line":11,"column":4},"end":{"line":11,"column":26}},"5":{"start":{"line":12,"column":4},"end":{"line":12,"column":27}},"6":{"start":{"line":16,"column":4},"end":{"line":32,"column":7}},"7":{"start":{"line":17,"column":6},"end":{"line":31,"column":7}},"8":{"start":{"line":18,"column":27},"end":{"line":18,"column":57}},"9":{"start":{"line":19,"column":37},"end":{"line":19,"column":78}},"10":{"start":{"line":21,"column":8},"end":{"line":23,"column":9}},"11":{"start":{"line":22,"column":10},"end":{"line":22,"column":27}},"12":{"start":{"line":26,"column":8},"end":{"line":30,"column":9}},"13":{"start":{"line":27,"column":10},"end":{"line":27,"column":42}},"14":{"start":{"line":28,"column":15},"end":{"line":30,"column":9}},"15":{"start":{"line":29,"column":10},"end":{"line":29,"column":42}},"16":{"start":{"line":34,"column":4},"end":{"line":34,"column":22}},"17":{"start":{"line":38,"column":4},"end":{"line":42,"column":5}},"18":{"start":{"line":39,"column":6},"end":{"line":39,"column":40}},"19":{"start":{"line":40,"column":11},"end":{"line":42,"column":5}},"20":{"start":{"line":41,"column":6},"end":{"line":41,"column":47}},"21":{"start":{"line":46,"column":4},"end":{"line":46,"column":35}},"22":{"start":{"line":46,"column":28},"end":{"line":46,"column":35}},"23":{"start":{"line":47,"column":4},"end":{"line":51,"column":5}},"24":{"start":{"line":48,"column":6},"end":{"line":48,"column":46}},"25":{"start":{"line":50,"column":6},"end":{"line":50,"column":44}},"26":{"start":{"line":55,"column":4},"end":{"line":55,"column":36}},"27":{"start":{"line":55,"column":29},"end":{"line":55,"column":36}},"28":{"start":{"line":56,"column":4},"end":{"line":60,"column":5}},"29":{"start":{"line":57,"column":6},"end":{"line":57,"column":24}},"30":{"start":{"line":59,"column":6},"end":{"line":59,"column":24}},"31":{"start":{"line":64,"column":4},"end":{"line":67,"column":27}},"32":{"start":{"line":64,"column":25},"end":{"line":64,"column":42}},"33":{"start":{"line":65,"column":9},"end":{"line":67,"column":27}},"34":{"start":{"line":65,"column":30},"end":{"line":65,"column":48}},"35":{"start":{"line":66,"column":9},"end":{"line":67,"column":27}},"36":{"start":{"line":66,"column":31},"end":{"line":66,"column":49}},"37":{"start":{"line":67,"column":9},"end":{"line":67,"column":27}},"38":{"start":{"line":68,"column":4},"end":{"line":68,"column":75}},"39":{"start":{"line":68,"column":42},"end":{"line":68,"column":75}},"40":{"start":{"line":72,"column":4},"end":{"line":72,"column":42}},"41":{"start":{"line":76,"column":4},"end":{"line":80,"column":5}},"42":{"start":{"line":77,"column":6},"end":{"line":77,"column":24}},"43":{"start":{"line":79,"column":6},"end":{"line":79,"column":24}},"44":{"start":{"line":81,"column":4},"end":{"line":81,"column":43}},"45":{"start":{"line":81,"column":26},"end":{"line":81,"column":43}},"46":{"start":{"line":85,"column":4},"end":{"line":89,"column":5}},"47":{"start":{"line":86,"column":6},"end":{"line":86,"column":24}},"48":{"start":{"line":88,"column":6},"end":{"line":88,"column":24}}},"fnMap":{"0":{"name":"(anonymous_0)","decl":{"start":{"line":9,"column":2},"end":{"line":9,"column":3}},"loc":{"start":{"line":9,"column":26},"end":{"line":13,"column":3}},"line":9},"1":{"name":"(anonymous_1)","decl":{"start":{"line":15,"column":2},"end":{"line":15,"column":3}},"loc":{"start":{"line":15,"column":18},"end":{"line":35,"column":3}},"line":15},"2":{"name":"(anonymous_2)","decl":{"start":{"line":16,"column":23},"end":{"line":16,"column":24}},"loc":{"start":{"line":16,"column":33},"end":{"line":32,"column":5}},"line":16},"3":{"name":"(anonymous_3)","decl":{"start":{"line":37,"column":2},"end":{"line":37,"column":3}},"loc":{"start":{"line":37,"column":29},"end":{"line":43,"column":3}},"line":37},"4":{"name":"(anonymous_4)","decl":{"start":{"line":45,"column":2},"end":{"line":45,"column":3}},"loc":{"start":{"line":45,"column":29},"end":{"line":52,"column":3}},"line":45},"5":{"name":"(anonymous_5)","decl":{"start":{"line":54,"column":2},"end":{"line":54,"column":3}},"loc":{"start":{"line":54,"column":31},"end":{"line":61,"column":3}},"line":54},"6":{"name":"(anonymous_6)","decl":{"start":{"line":63,"column":2},"end":{"line":63,"column":3}},"loc":{"start":{"line":63,"column":38},"end":{"line":69,"column":3}},"line":63},"7":{"name":"(anonymous_7)","decl":{"start":{"line":71,"column":2},"end":{"line":71,"column":3}},"loc":{"start":{"line":71,"column":24},"end":{"line":73,"column":3}},"line":71},"8":{"name":"(anonymous_8)","decl":{"start":{"line":75,"column":2},"end":{"line":75,"column":3}},"loc":{"start":{"line":75,"column":37},"end":{"line":82,"column":3}},"line":75},"9":{"name":"(anonymous_9)","decl":{"start":{"line":84,"column":2},"end":{"line":84,"column":3}},"loc":{"start":{"line":84,"column":35},"end":{"line":90,"column":3}},"line":84}},"branchMap":{"0":{"loc":{"start":{"line":9,"column":14},"end":{"line":9,"column":24}},"type":"default-arg","locations":[{"start":{"line":9,"column":22},"end":{"line":9,"column":24}}],"line":9},"1":{"loc":{"start":{"line":17,"column":6},"end":{"line":31,"column":7}},"type":"if","locations":[{"start":{"line":17,"column":6},"end":{"line":31,"column":7}},{"start":{"line":17,"column":6},"end":{"line":31,"column":7}}],"line":17},"2":{"loc":{"start":{"line":17,"column":10},"end":{"line":17,"column":80}},"type":"binary-expr","locations":[{"start":{"line":17,"column":10},"end":{"line":17,"column":43}},{"start":{"line":17,"column":47},"end":{"line":17,"column":80}}],"line":17},"3":{"loc":{"start":{"line":21,"column":8},"end":{"line":23,"column":9}},"type":"if","locations":[{"start":{"line":21,"column":8},"end":{"line":23,"column":9}},{"start":{"line":21,"column":8},"end":{"line":23,"column":9}}],"line":21},"4":{"loc":{"start":{"line":26,"column":8},"end":{"line":30,"column":9}},"type":"if","locations":[{"start":{"line":26,"column":8},"end":{"line":30,"column":9}},{"start":{"line":26,"column":8},"end":{"line":30,"column":9}}],"line":26},"5":{"loc":{"start":{"line":28,"column":15},"end":{"line":30,"column":9}},"type":"if","locations":[{"start":{"line":28,"column":15},"end":{"line":30,"column":9}},{"start":{"line":28,"column":15},"end":{"line":30,"column":9}}],"line":28},"6":{"loc":{"start":{"line":28,"column":19},"end":{"line":28,"column":54}},"type":"binary-expr","locations":[{"start":{"line":28,"column":19},"end":{"line":28,"column":39}},{"start":{"line":28,"column":43},"end":{"line":28,"column":54}}],"line":28},"7":{"loc":{"start":{"line":38,"column":4},"end":{"line":42,"column":5}},"type":"if","locations":[{"start":{"line":38,"column":4},"end":{"line":42,"column":5}},{"start":{"line":38,"column":4},"end":{"line":42,"column":5}}],"line":38},"8":{"loc":{"start":{"line":40,"column":11},"end":{"line":42,"column":5}},"type":"if","locations":[{"start":{"line":40,"column":11},"end":{"line":42,"column":5}},{"start":{"line":40,"column":11},"end":{"line":42,"column":5}}],"line":40},"9":{"loc":{"start":{"line":46,"column":4},"end":{"line":46,"column":35}},"type":"if","locations":[{"start":{"line":46,"column":4},"end":{"line":46,"column":35}},{"start":{"line":46,"column":4},"end":{"line":46,"column":35}}],"line":46},"10":{"loc":{"start":{"line":47,"column":4},"end":{"line":51,"column":5}},"type":"if","locations":[{"start":{"line":47,"column":4},"end":{"line":51,"column":5}},{"start":{"line":47,"column":4},"end":{"line":51,"column":5}}],"line":47},"11":{"loc":{"start":{"line":55,"column":4},"end":{"line":55,"column":36}},"type":"if","locations":[{"start":{"line":55,"column":4},"end":{"line":55,"column":36}},{"start":{"line":55,"column":4},"end":{"line":55,"column":36}}],"line":55},"12":{"loc":{"start":{"line":56,"column":4},"end":{"line":60,"column":5}},"type":"if","locations":[{"start":{"line":56,"column":4},"end":{"line":60,"column":5}},{"start":{"line":56,"column":4},"end":{"line":60,"column":5}}],"line":56},"13":{"loc":{"start":{"line":64,"column":4},"end":{"line":67,"column":27}},"type":"if","locations":[{"start":{"line":64,"column":4},"end":{"line":67,"column":27}},{"start":{"line":64,"column":4},"end":{"line":67,"column":27}}],"line":64},"14":{"loc":{"start":{"line":65,"column":9},"end":{"line":67,"column":27}},"type":"if","locations":[{"start":{"line":65,"column":9},"end":{"line":67,"column":27}},{"start":{"line":65,"column":9},"end":{"line":67,"column":27}}],"line":65},"15":{"loc":{"start":{"line":66,"column":9},"end":{"line":67,"column":27}},"type":"if","locations":[{"start":{"line":66,"column":9},"end":{"line":67,"column":27}},{"start":{"line":66,"column":9},"end":{"line":67,"column":27}}],"line":66},"16":{"loc":{"start":{"line":68,"column":4},"end":{"line":68,"column":75}},"type":"if","locations":[{"start":{"line":68,"column":4},"end":{"line":68,"column":75}},{"start":{"line":68,"column":4},"end":{"line":68,"column":75}}],"line":68},"17":{"loc":{"start":{"line":76,"column":4},"end":{"line":80,"column":5}},"type":"if","locations":[{"start":{"line":76,"column":4},"end":{"line":80,"column":5}},{"start":{"line":76,"column":4},"end":{"line":80,"column":5}}],"line":76},"18":{"loc":{"start":{"line":81,"column":4},"end":{"line":81,"column":43}},"type":"if","locations":[{"start":{"line":81,"column":4},"end":{"line":81,"column":43}},{"start":{"line":81,"column":4},"end":{"line":81,"column":43}}],"line":81},"19":{"loc":{"start":{"line":85,"column":4},"end":{"line":89,"column":5}},"type":"if","locations":[{"start":{"line":85,"column":4},"end":{"line":89,"column":5}},{"start":{"line":85,"column":4},"end":{"line":89,"column":5}}],"line":85}},"s":{"0":2,"1":2,"2":2,"3":21,"4":21,"5":21,"6":52,"7":300,"8":236,"9":236,"10":236,"11":236,"12":236,"13":104,"14":132,"15":132,"16":52,"17":132,"18":35,"19":97,"20":97,"21":104,"22":69,"23":35,"24":7,"25":28,"26":35,"27":6,"28":29,"29":25,"30":4,"31":97,"32":63,"33":34,"34":17,"35":17,"36":11,"37":6,"38":97,"39":16,"40":35,"41":7,"42":4,"43":3,"44":7,"45":1,"46":28,"47":20,"48":8},"f":{"0":21,"1":52,"2":300,"3":132,"4":104,"5":35,"6":97,"7":35,"8":7,"9":28},"b":{"0":[0],"1":[236,64],"2":[300,236],"3":[236,0],"4":[104,132],"5":[132,0],"6":[132,132],"7":[35,97],"8":[97,0],"9":[69,35],"10":[7,28],"11":[6,29],"12":[25,4],"13":[63,34],"14":[17,17],"15":[11,6],"16":[16,81],"17":[4,3],"18":[1,6],"19":[20,8]},"_coverageSchema":"43e27e138ebf9cfc5966b082cf9a028302ed4184","hash":"aa653a9f037f226ee0642570aac6e995f1e71443"}
}
