{"/Users/gunelmehdiyeva-chau/Projects/week_10/js-jest/src/item.js": {"path":"/Users/gunelmehdiyeva-chau/Projects/week_10/js-jest/src/item.js","statementMap":{"0":{"start":{"line":1,"column":0},"end":{"line":7,"column":2}},"1":{"start":{"line":3,"column":4},"end":{"line":3,"column":21}},"2":{"start":{"line":4,"column":4},"end":{"line":4,"column":25}},"3":{"start":{"line":5,"column":4},"end":{"line":5,"column":27}}},"fnMap":{"0":{"name":"(anonymous_0)","decl":{"start":{"line":2,"column":2},"end":{"line":2,"column":3}},"loc":{"start":{"line":2,"column":36},"end":{"line":6,"column":3}},"line":2}},"branchMap":{},"s":{"0":2,"1":5,"2":5,"3":5},"f":{"0":5},"b":{},"_coverageSchema":"43e27e138ebf9cfc5966b082cf9a028302ed4184","hash":"427eeefc7c8a7c271230d7a804607d2ec51789eb"}
,"/Users/gunelmehdiyeva-chau/Projects/week_10/js-jest/src/shop.js": {"path":"/Users/gunelmehdiyeva-chau/Projects/week_10/js-jest/src/shop.js","statementMap":{"0":{"start":{"line":1,"column":0},"end":{"line":54,"column":1}},"1":{"start":{"line":3,"column":4},"end":{"line":3,"column":23}},"2":{"start":{"line":6,"column":4},"end":{"line":50,"column":5}},"3":{"start":{"line":6,"column":17},"end":{"line":6,"column":18}},"4":{"start":{"line":7,"column":6},"end":{"line":29,"column":7}},"5":{"start":{"line":8,"column":8},"end":{"line":12,"column":9}},"6":{"start":{"line":9,"column":10},"end":{"line":11,"column":11}},"7":{"start":{"line":10,"column":12},"end":{"line":10,"column":62}},"8":{"start":{"line":14,"column":8},"end":{"line":28,"column":9}},"9":{"start":{"line":15,"column":10},"end":{"line":15,"column":60}},"10":{"start":{"line":16,"column":10},"end":{"line":27,"column":11}},"11":{"start":{"line":17,"column":12},"end":{"line":21,"column":13}},"12":{"start":{"line":18,"column":14},"end":{"line":20,"column":15}},"13":{"start":{"line":19,"column":16},"end":{"line":19,"column":66}},"14":{"start":{"line":22,"column":12},"end":{"line":26,"column":13}},"15":{"start":{"line":23,"column":14},"end":{"line":25,"column":15}},"16":{"start":{"line":24,"column":16},"end":{"line":24,"column":66}},"17":{"start":{"line":30,"column":6},"end":{"line":32,"column":7}},"18":{"start":{"line":31,"column":8},"end":{"line":31,"column":56}},"19":{"start":{"line":33,"column":6},"end":{"line":49,"column":7}},"20":{"start":{"line":34,"column":8},"end":{"line":48,"column":9}},"21":{"start":{"line":35,"column":10},"end":{"line":43,"column":11}},"22":{"start":{"line":36,"column":12},"end":{"line":40,"column":13}},"23":{"start":{"line":37,"column":14},"end":{"line":39,"column":15}},"24":{"start":{"line":38,"column":16},"end":{"line":38,"column":66}},"25":{"start":{"line":42,"column":12},"end":{"line":42,"column":82}},"26":{"start":{"line":45,"column":10},"end":{"line":47,"column":11}},"27":{"start":{"line":46,"column":12},"end":{"line":46,"column":62}},"28":{"start":{"line":52,"column":4},"end":{"line":52,"column":22}}},"fnMap":{"0":{"name":"(anonymous_0)","decl":{"start":{"line":2,"column":2},"end":{"line":2,"column":3}},"loc":{"start":{"line":2,"column":23},"end":{"line":4,"column":3}},"line":2},"1":{"name":"(anonymous_1)","decl":{"start":{"line":5,"column":2},"end":{"line":5,"column":3}},"loc":{"start":{"line":5,"column":18},"end":{"line":53,"column":3}},"line":5}},"branchMap":{"0":{"loc":{"start":{"line":2,"column":14},"end":{"line":2,"column":22}},"type":"default-arg","locations":[{"start":{"line":2,"column":20},"end":{"line":2,"column":22}}],"line":2},"1":{"loc":{"start":{"line":7,"column":6},"end":{"line":29,"column":7}},"type":"if","locations":[{"start":{"line":7,"column":6},"end":{"line":29,"column":7}},{"start":{"line":7,"column":6},"end":{"line":29,"column":7}}],"line":7},"2":{"loc":{"start":{"line":7,"column":10},"end":{"line":7,"column":112}},"type":"binary-expr","locations":[{"start":{"line":7,"column":10},"end":{"line":7,"column":43}},{"start":{"line":7,"column":47},"end":{"line":7,"column":112}}],"line":7},"3":{"loc":{"start":{"line":8,"column":8},"end":{"line":12,"column":9}},"type":"if","locations":[{"start":{"line":8,"column":8},"end":{"line":12,"column":9}},{"start":{"line":8,"column":8},"end":{"line":12,"column":9}}],"line":8},"4":{"loc":{"start":{"line":9,"column":10},"end":{"line":11,"column":11}},"type":"if","locations":[{"start":{"line":9,"column":10},"end":{"line":11,"column":11}},{"start":{"line":9,"column":10},"end":{"line":11,"column":11}}],"line":9},"5":{"loc":{"start":{"line":14,"column":8},"end":{"line":28,"column":9}},"type":"if","locations":[{"start":{"line":14,"column":8},"end":{"line":28,"column":9}},{"start":{"line":14,"column":8},"end":{"line":28,"column":9}}],"line":14},"6":{"loc":{"start":{"line":16,"column":10},"end":{"line":27,"column":11}},"type":"if","locations":[{"start":{"line":16,"column":10},"end":{"line":27,"column":11}},{"start":{"line":16,"column":10},"end":{"line":27,"column":11}}],"line":16},"7":{"loc":{"start":{"line":17,"column":12},"end":{"line":21,"column":13}},"type":"if","locations":[{"start":{"line":17,"column":12},"end":{"line":21,"column":13}},{"start":{"line":17,"column":12},"end":{"line":21,"column":13}}],"line":17},"8":{"loc":{"start":{"line":18,"column":14},"end":{"line":20,"column":15}},"type":"if","locations":[{"start":{"line":18,"column":14},"end":{"line":20,"column":15}},{"start":{"line":18,"column":14},"end":{"line":20,"column":15}}],"line":18},"9":{"loc":{"start":{"line":22,"column":12},"end":{"line":26,"column":13}},"type":"if","locations":[{"start":{"line":22,"column":12},"end":{"line":26,"column":13}},{"start":{"line":22,"column":12},"end":{"line":26,"column":13}}],"line":22},"10":{"loc":{"start":{"line":23,"column":14},"end":{"line":25,"column":15}},"type":"if","locations":[{"start":{"line":23,"column":14},"end":{"line":25,"column":15}},{"start":{"line":23,"column":14},"end":{"line":25,"column":15}}],"line":23},"11":{"loc":{"start":{"line":30,"column":6},"end":{"line":32,"column":7}},"type":"if","locations":[{"start":{"line":30,"column":6},"end":{"line":32,"column":7}},{"start":{"line":30,"column":6},"end":{"line":32,"column":7}}],"line":30},"12":{"loc":{"start":{"line":33,"column":6},"end":{"line":49,"column":7}},"type":"if","locations":[{"start":{"line":33,"column":6},"end":{"line":49,"column":7}},{"start":{"line":33,"column":6},"end":{"line":49,"column":7}}],"line":33},"13":{"loc":{"start":{"line":34,"column":8},"end":{"line":48,"column":9}},"type":"if","locations":[{"start":{"line":34,"column":8},"end":{"line":48,"column":9}},{"start":{"line":34,"column":8},"end":{"line":48,"column":9}}],"line":34},"14":{"loc":{"start":{"line":35,"column":10},"end":{"line":43,"column":11}},"type":"if","locations":[{"start":{"line":35,"column":10},"end":{"line":43,"column":11}},{"start":{"line":35,"column":10},"end":{"line":43,"column":11}}],"line":35},"15":{"loc":{"start":{"line":36,"column":12},"end":{"line":40,"column":13}},"type":"if","locations":[{"start":{"line":36,"column":12},"end":{"line":40,"column":13}},{"start":{"line":36,"column":12},"end":{"line":40,"column":13}}],"line":36},"16":{"loc":{"start":{"line":37,"column":14},"end":{"line":39,"column":15}},"type":"if","locations":[{"start":{"line":37,"column":14},"end":{"line":39,"column":15}},{"start":{"line":37,"column":14},"end":{"line":39,"column":15}}],"line":37},"17":{"loc":{"start":{"line":45,"column":10},"end":{"line":47,"column":11}},"type":"if","locations":[{"start":{"line":45,"column":10},"end":{"line":47,"column":11}},{"start":{"line":45,"column":10},"end":{"line":47,"column":11}}],"line":45}},"s":{"0":1,"1":2,"2":2,"3":2,"4":2,"5":2,"6":1,"7":1,"8":0,"9":0,"10":0,"11":0,"12":0,"13":0,"14":0,"15":0,"16":0,"17":2,"18":2,"19":2,"20":1,"21":1,"22":1,"23":0,"24":0,"25":0,"26":0,"27":0,"28":2},"f":{"0":2,"1":2},"b":{"0":[0],"1":[2,0],"2":[2,2],"3":[1,1],"4":[1,0],"5":[0,0],"6":[0,0],"7":[0,0],"8":[0,0],"9":[0,0],"10":[0,0],"11":[2,0],"12":[1,1],"13":[1,0],"14":[1,0],"15":[0,1],"16":[0,0],"17":[0,0]},"_coverageSchema":"43e27e138ebf9cfc5966b082cf9a028302ed4184","hash":"69d8a163c655c0f09234bcaf16cd23161be9f40b"}
}
