TN:
SF:/Users/gunelmehdiyeva-chau/Projects/week_10/js-jest/src/item.js
FN:2,(anonymous_0)
FNF:1
FNH:1
FNDA:12,(anonymous_0)
DA:1,2
DA:3,12
DA:4,12
DA:5,12
LF:4
LH:4
BRF:0
BRH:0
end_of_record
TN:
SF:/Users/gunelmehdiyeva-chau/Projects/week_10/js-jest/src/shop.js
FN:9,(anonymous_0)
FN:15,(anonymous_1)
FN:16,(anonymous_2)
FN:37,(anonymous_3)
FN:45,(anonymous_4)
FN:54,(anonymous_5)
FN:63,(anonymous_6)
FN:71,(anonymous_7)
FN:75,(anonymous_8)
FN:84,(anonymous_9)
FNF:10
FNH:10
FNDA:21,(anonymous_0)
FNDA:52,(anonymous_1)
FNDA:300,(anonymous_2)
FNDA:132,(anonymous_3)
FNDA:104,(anonymous_4)
FNDA:35,(anonymous_5)
FNDA:97,(anonymous_6)
FNDA:35,(anonymous_7)
FNDA:7,(anonymous_8)
FNDA:28,(anonymous_9)
DA:5,2
DA:6,2
DA:8,2
DA:10,21
DA:11,21
DA:12,21
DA:16,52
DA:17,300
DA:18,236
DA:19,236
DA:21,236
DA:22,236
DA:26,236
DA:27,104
DA:28,132
DA:29,132
DA:34,52
DA:38,132
DA:39,35
DA:40,97
DA:41,97
DA:46,104
DA:47,35
DA:48,7
DA:50,28
DA:55,35
DA:56,29
DA:57,25
DA:59,4
DA:64,97
DA:65,34
DA:66,17
DA:67,6
DA:68,97
DA:72,35
DA:76,7
DA:77,4
DA:79,3
DA:81,7
DA:85,28
DA:86,20
DA:88,8
LF:42
LH:42
BRDA:9,0,0,0
BRDA:17,1,0,236
BRDA:17,1,1,64
BRDA:17,2,0,300
BRDA:17,2,1,236
BRDA:21,3,0,236
BRDA:21,3,1,0
BRDA:26,4,0,104
BRDA:26,4,1,132
BRDA:28,5,0,132
BRDA:28,5,1,0
BRDA:28,6,0,132
BRDA:28,6,1,132
BRDA:38,7,0,35
BRDA:38,7,1,97
BRDA:40,8,0,97
BRDA:40,8,1,0
BRDA:46,9,0,69
BRDA:46,9,1,35
BRDA:47,10,0,7
BRDA:47,10,1,28
BRDA:55,11,0,6
BRDA:55,11,1,29
BRDA:56,12,0,25
BRDA:56,12,1,4
BRDA:64,13,0,63
BRDA:64,13,1,34
BRDA:65,14,0,17
BRDA:65,14,1,17
BRDA:66,15,0,11
BRDA:66,15,1,6
BRDA:68,16,0,16
BRDA:68,16,1,81
BRDA:76,17,0,4
BRDA:76,17,1,3
BRDA:81,18,0,1
BRDA:81,18,1,6
BRDA:85,19,0,20
BRDA:85,19,1,8
BRF:39
BRH:35
end_of_record
