TN:
SF:/Users/gunelmehdiyeva-chau/Projects/week_10/js-jest/src/item.js
FN:2,(anonymous_0)
FNF:1
FNH:1
FNDA:12,(anonymous_0)
DA:1,2
DA:3,12
DA:4,12
DA:5,12
LF:4
LH:4
BRF:0
BRH:0
end_of_record
TN:
SF:/Users/gunelmehdiyeva-chau/Projects/week_10/js-jest/src/shop.js
FN:9,(anonymous_0)
FN:15,(anonymous_1)
FN:16,(anonymous_2)
FN:37,(anonymous_3)
FN:45,(anonymous_4)
FN:53,(anonymous_5)
FN:61,(anonymous_6)
FN:70,(anonymous_7)
FNF:8
FNH:8
FNDA:15,(anonymous_0)
FNDA:46,(anonymous_1)
FNDA:294,(anonymous_2)
FNDA:24,(anonymous_3)
FNDA:34,(anonymous_4)
FNDA:3,(anonymous_5)
FNDA:21,(anonymous_6)
FNDA:34,(anonymous_7)
DA:5,2
DA:6,2
DA:8,2
DA:10,15
DA:11,15
DA:12,15
DA:16,46
DA:17,294
DA:18,58
DA:19,58
DA:21,58
DA:22,58
DA:26,58
DA:27,34
DA:28,24
DA:29,24
DA:34,46
DA:38,24
DA:39,3
DA:40,21
DA:41,21
DA:46,34
DA:47,4
DA:49,30
DA:54,3
DA:55,1
DA:57,2
DA:62,21
DA:63,21
DA:64,21
DA:65,15
DA:66,8
DA:67,21
DA:71,34
LF:34
LH:34
BRDA:9,0,0,0
BRDA:17,1,0,58
BRDA:17,1,1,236
BRDA:17,2,0,294
BRDA:17,2,1,153
BRDA:21,3,0,58
BRDA:21,3,1,0
BRDA:26,4,0,34
BRDA:26,4,1,24
BRDA:28,5,0,24
BRDA:28,5,1,0
BRDA:28,6,0,24
BRDA:28,6,1,24
BRDA:38,7,0,3
BRDA:38,7,1,21
BRDA:40,8,0,21
BRDA:40,8,1,0
BRDA:46,9,0,4
BRDA:46,9,1,30
BRDA:54,10,0,1
BRDA:54,10,1,2
BRDA:63,11,0,0
BRDA:63,11,1,21
BRDA:64,12,0,6
BRDA:64,12,1,15
BRDA:65,13,0,7
BRDA:65,13,1,8
BRDA:66,14,0,8
BRDA:66,14,1,0
BRDA:67,15,0,3
BRDA:67,15,1,18
BRF:31
BRH:25
end_of_record
